{"/home/user/fiber-link/fiber-link-service/packages/client/src/client.ts": {"path":"/home/user/fiber-link/fiber-link-service/packages/client/src/client.ts","all":false,"statementMap":{"0":{"start":{"line":1,"column":0},"end":{"line":1,"column":99}},"1":{"start":{"line":2,"column":0},"end":{"line":2,"column":0}},"2":{"start":{"line":3,"column":0},"end":{"line":3,"column":57}},"3":{"start":{"line":4,"column":0},"end":{"line":4,"column":0}},"4":{"start":{"line":5,"column":0},"end":{"line":5,"column":38}},"5":{"start":{"line":6,"column":0},"end":{"line":6,"column":103}},"6":{"start":{"line":7,"column":0},"end":{"line":7,"column":19}},"7":{"start":{"line":8,"column":0},"end":{"line":8,"column":5}},"8":{"start":{"line":9,"column":0},"end":{"line":9,"column":110}},"9":{"start":{"line":10,"column":0},"end":{"line":10,"column":98}},"10":{"start":{"line":11,"column":0},"end":{"line":11,"column":5}},"11":{"start":{"line":12,"column":0},"end":{"line":12,"column":28}},"12":{"start":{"line":13,"column":0},"end":{"line":13,"column":40}},"13":{"start":{"line":14,"column":0},"end":{"line":14,"column":17}},"14":{"start":{"line":15,"column":0},"end":{"line":15,"column":40}},"15":{"start":{"line":16,"column":0},"end":{"line":16,"column":22}},"16":{"start":{"line":17,"column":0},"end":{"line":17,"column":21}},"17":{"start":{"line":18,"column":0},"end":{"line":18,"column":2}},"18":{"start":{"line":19,"column":0},"end":{"line":19,"column":0}},"19":{"start":{"line":20,"column":0},"end":{"line":20,"column":56}},"20":{"start":{"line":21,"column":0},"end":{"line":21,"column":77}},"21":{"start":{"line":22,"column":0},"end":{"line":22,"column":0}},"22":{"start":{"line":23,"column":0},"end":{"line":23,"column":45}},"23":{"start":{"line":24,"column":0},"end":{"line":24,"column":27}},"24":{"start":{"line":25,"column":0},"end":{"line":25,"column":18}},"25":{"start":{"line":26,"column":0},"end":{"line":26,"column":23}},"26":{"start":{"line":27,"column":0},"end":{"line":27,"column":85}},"27":{"start":{"line":28,"column":0},"end":{"line":28,"column":21}},"28":{"start":{"line":29,"column":0},"end":{"line":29,"column":2}},"29":{"start":{"line":30,"column":0},"end":{"line":30,"column":0}},"30":{"start":{"line":31,"column":0},"end":{"line":31,"column":34}},"31":{"start":{"line":32,"column":0},"end":{"line":32,"column":0}},"32":{"start":{"line":33,"column":0},"end":{"line":33,"column":35}},"33":{"start":{"line":34,"column":0},"end":{"line":34,"column":81}},"34":{"start":{"line":35,"column":0},"end":{"line":35,"column":31}},"35":{"start":{"line":36,"column":0},"end":{"line":36,"column":3}},"36":{"start":{"line":37,"column":0},"end":{"line":37,"column":64}},"37":{"start":{"line":38,"column":0},"end":{"line":38,"column":1}},"38":{"start":{"line":39,"column":0},"end":{"line":39,"column":0}},"39":{"start":{"line":40,"column":0},"end":{"line":40,"column":116}},"40":{"start":{"line":41,"column":0},"end":{"line":41,"column":51}},"41":{"start":{"line":42,"column":0},"end":{"line":42,"column":64}},"42":{"start":{"line":43,"column":0},"end":{"line":43,"column":46}},"43":{"start":{"line":44,"column":0},"end":{"line":44,"column":0}},"44":{"start":{"line":45,"column":0},"end":{"line":45,"column":24}},"45":{"start":{"line":46,"column":0},"end":{"line":46,"column":55}},"46":{"start":{"line":47,"column":0},"end":{"line":47,"column":46}},"47":{"start":{"line":48,"column":0},"end":{"line":48,"column":12}},"48":{"start":{"line":49,"column":0},"end":{"line":49,"column":39}},"49":{"start":{"line":50,"column":0},"end":{"line":50,"column":40}},"50":{"start":{"line":51,"column":0},"end":{"line":51,"column":12}},"51":{"start":{"line":52,"column":0},"end":{"line":52,"column":15}},"52":{"start":{"line":53,"column":0},"end":{"line":53,"column":6}},"53":{"start":{"line":54,"column":0},"end":{"line":54,"column":89}},"54":{"start":{"line":55,"column":0},"end":{"line":55,"column":47}},"55":{"start":{"line":56,"column":0},"end":{"line":56,"column":50}},"56":{"start":{"line":57,"column":0},"end":{"line":57,"column":16}},"57":{"start":{"line":58,"column":0},"end":{"line":58,"column":10}},"58":{"start":{"line":59,"column":0},"end":{"line":59,"column":43}},"59":{"start":{"line":60,"column":0},"end":{"line":60,"column":55}},"60":{"start":{"line":61,"column":0},"end":{"line":61,"column":75}},"61":{"start":{"line":62,"column":0},"end":{"line":62,"column":3}},"62":{"start":{"line":63,"column":0},"end":{"line":63,"column":0}},"63":{"start":{"line":64,"column":0},"end":{"line":64,"column":10}},"64":{"start":{"line":65,"column":0},"end":{"line":65,"column":22}},"65":{"start":{"line":66,"column":0},"end":{"line":66,"column":15}},"66":{"start":{"line":67,"column":0},"end":{"line":67,"column":21}},"67":{"start":{"line":68,"column":0},"end":{"line":68,"column":29}},"68":{"start":{"line":69,"column":0},"end":{"line":69,"column":4}},"69":{"start":{"line":70,"column":0},"end":{"line":70,"column":1}},"70":{"start":{"line":71,"column":0},"end":{"line":71,"column":0}},"71":{"start":{"line":72,"column":0},"end":{"line":72,"column":30}},"72":{"start":{"line":73,"column":0},"end":{"line":73,"column":36}},"73":{"start":{"line":74,"column":0},"end":{"line":74,"column":45}},"74":{"start":{"line":75,"column":0},"end":{"line":75,"column":34}},"75":{"start":{"line":76,"column":0},"end":{"line":76,"column":39}},"76":{"start":{"line":77,"column":0},"end":{"line":77,"column":37}},"77":{"start":{"line":78,"column":0},"end":{"line":78,"column":0}},"78":{"start":{"line":79,"column":0},"end":{"line":79,"column":48}},"79":{"start":{"line":80,"column":0},"end":{"line":80,"column":36}},"80":{"start":{"line":81,"column":0},"end":{"line":81,"column":77}},"81":{"start":{"line":82,"column":0},"end":{"line":82,"column":5}},"82":{"start":{"line":83,"column":0},"end":{"line":83,"column":36}},"83":{"start":{"line":84,"column":0},"end":{"line":84,"column":35}},"84":{"start":{"line":85,"column":0},"end":{"line":85,"column":88}},"85":{"start":{"line":86,"column":0},"end":{"line":86,"column":7}},"86":{"start":{"line":87,"column":0},"end":{"line":87,"column":40}},"87":{"start":{"line":88,"column":0},"end":{"line":88,"column":98}},"88":{"start":{"line":89,"column":0},"end":{"line":89,"column":7}},"89":{"start":{"line":90,"column":0},"end":{"line":90,"column":5}},"90":{"start":{"line":91,"column":0},"end":{"line":91,"column":56}},"91":{"start":{"line":92,"column":0},"end":{"line":92,"column":29}},"92":{"start":{"line":93,"column":0},"end":{"line":93,"column":31}},"93":{"start":{"line":94,"column":0},"end":{"line":94,"column":41}},"94":{"start":{"line":95,"column":0},"end":{"line":95,"column":61}},"95":{"start":{"line":96,"column":0},"end":{"line":96,"column":3}},"96":{"start":{"line":97,"column":0},"end":{"line":97,"column":0}},"97":{"start":{"line":98,"column":0},"end":{"line":98,"column":89}},"98":{"start":{"line":99,"column":0},"end":{"line":99,"column":36}},"99":{"start":{"line":100,"column":0},"end":{"line":100,"column":21}},"100":{"start":{"line":101,"column":0},"end":{"line":101,"column":27}},"101":{"start":{"line":102,"column":0},"end":{"line":102,"column":13}},"102":{"start":{"line":103,"column":0},"end":{"line":103,"column":13}},"103":{"start":{"line":104,"column":0},"end":{"line":104,"column":7}},"104":{"start":{"line":105,"column":0},"end":{"line":105,"column":0}},"105":{"start":{"line":106,"column":0},"end":{"line":106,"column":83}},"106":{"start":{"line":107,"column":0},"end":{"line":107,"column":0}},"107":{"start":{"line":108,"column":0},"end":{"line":108,"column":66}},"108":{"start":{"line":109,"column":0},"end":{"line":109,"column":89}},"109":{"start":{"line":110,"column":0},"end":{"line":110,"column":42}},"110":{"start":{"line":111,"column":0},"end":{"line":111,"column":5}},"111":{"start":{"line":112,"column":0},"end":{"line":112,"column":0}},"112":{"start":{"line":113,"column":0},"end":{"line":113,"column":45}},"113":{"start":{"line":114,"column":0},"end":{"line":114,"column":71}},"114":{"start":{"line":115,"column":0},"end":{"line":115,"column":0}},"115":{"start":{"line":116,"column":0},"end":{"line":116,"column":27}},"116":{"start":{"line":117,"column":0},"end":{"line":117,"column":9}},"117":{"start":{"line":118,"column":0},"end":{"line":118,"column":45}},"118":{"start":{"line":119,"column":0},"end":{"line":119,"column":23}},"119":{"start":{"line":120,"column":0},"end":{"line":120,"column":16}},"120":{"start":{"line":121,"column":0},"end":{"line":121,"column":22}},"121":{"start":{"line":122,"column":0},"end":{"line":122,"column":34}},"122":{"start":{"line":123,"column":0},"end":{"line":123,"column":9}},"123":{"start":{"line":124,"column":0},"end":{"line":124,"column":26}},"124":{"start":{"line":125,"column":0},"end":{"line":125,"column":61}},"125":{"start":{"line":126,"column":0},"end":{"line":126,"column":38}},"126":{"start":{"line":127,"column":0},"end":{"line":127,"column":108}},"127":{"start":{"line":128,"column":0},"end":{"line":128,"column":8}},"128":{"start":{"line":129,"column":0},"end":{"line":129,"column":15}},"129":{"start":{"line":130,"column":0},"end":{"line":130,"column":26}},"130":{"start":{"line":131,"column":0},"end":{"line":131,"column":5}},"131":{"start":{"line":132,"column":0},"end":{"line":132,"column":0}},"132":{"start":{"line":133,"column":0},"end":{"line":133,"column":50}},"133":{"start":{"line":134,"column":0},"end":{"line":134,"column":65}},"134":{"start":{"line":135,"column":0},"end":{"line":135,"column":5}},"135":{"start":{"line":136,"column":0},"end":{"line":136,"column":0}},"136":{"start":{"line":137,"column":0},"end":{"line":137,"column":81}},"137":{"start":{"line":138,"column":0},"end":{"line":138,"column":9}},"138":{"start":{"line":139,"column":0},"end":{"line":139,"column":52}},"139":{"start":{"line":140,"column":0},"end":{"line":140,"column":13}},"140":{"start":{"line":141,"column":0},"end":{"line":141,"column":87}},"141":{"start":{"line":142,"column":0},"end":{"line":142,"column":5}},"142":{"start":{"line":143,"column":0},"end":{"line":143,"column":0}},"143":{"start":{"line":144,"column":0},"end":{"line":144,"column":22}},"144":{"start":{"line":145,"column":0},"end":{"line":145,"column":91}},"145":{"start":{"line":146,"column":0},"end":{"line":146,"column":5}},"146":{"start":{"line":147,"column":0},"end":{"line":147,"column":16}},"147":{"start":{"line":148,"column":0},"end":{"line":148,"column":91}},"148":{"start":{"line":149,"column":0},"end":{"line":149,"column":5}},"149":{"start":{"line":150,"column":0},"end":{"line":150,"column":0}},"150":{"start":{"line":151,"column":0},"end":{"line":151,"column":28}},"151":{"start":{"line":152,"column":0},"end":{"line":152,"column":3}},"152":{"start":{"line":153,"column":0},"end":{"line":153,"column":0}},"153":{"start":{"line":154,"column":0},"end":{"line":154,"column":5}},"154":{"start":{"line":155,"column":0},"end":{"line":155,"column":37}},"155":{"start":{"line":156,"column":0},"end":{"line":156,"column":46}},"156":{"start":{"line":157,"column":0},"end":{"line":157,"column":5}},"157":{"start":{"line":158,"column":0},"end":{"line":158,"column":27}},"158":{"start":{"line":159,"column":0},"end":{"line":159,"column":19}},"159":{"start":{"line":160,"column":0},"end":{"line":160,"column":23}},"160":{"start":{"line":161,"column":0},"end":{"line":161,"column":21}},"161":{"start":{"line":162,"column":0},"end":{"line":162,"column":19}},"162":{"start":{"line":163,"column":0},"end":{"line":163,"column":19}},"163":{"start":{"line":164,"column":0},"end":{"line":164,"column":28}},"164":{"start":{"line":165,"column":0},"end":{"line":165,"column":63}},"165":{"start":{"line":166,"column":0},"end":{"line":166,"column":99}},"166":{"start":{"line":167,"column":0},"end":{"line":167,"column":111}},"167":{"start":{"line":168,"column":0},"end":{"line":168,"column":105}},"168":{"start":{"line":169,"column":0},"end":{"line":169,"column":65}},"169":{"start":{"line":170,"column":0},"end":{"line":170,"column":87}},"170":{"start":{"line":171,"column":0},"end":{"line":171,"column":5}},"171":{"start":{"line":172,"column":0},"end":{"line":172,"column":0}},"172":{"start":{"line":173,"column":0},"end":{"line":173,"column":39}},"173":{"start":{"line":174,"column":0},"end":{"line":174,"column":28}},"174":{"start":{"line":175,"column":0},"end":{"line":175,"column":36}},"175":{"start":{"line":176,"column":0},"end":{"line":176,"column":32}},"176":{"start":{"line":177,"column":0},"end":{"line":177,"column":28}},"177":{"start":{"line":178,"column":0},"end":{"line":178,"column":35}},"178":{"start":{"line":179,"column":0},"end":{"line":179,"column":38}},"179":{"start":{"line":180,"column":0},"end":{"line":180,"column":7}},"180":{"start":{"line":181,"column":0},"end":{"line":181,"column":3}},"181":{"start":{"line":182,"column":0},"end":{"line":182,"column":0}},"182":{"start":{"line":183,"column":0},"end":{"line":183,"column":5}},"183":{"start":{"line":184,"column":0},"end":{"line":184,"column":46}},"184":{"start":{"line":185,"column":0},"end":{"line":185,"column":58}},"185":{"start":{"line":186,"column":0},"end":{"line":186,"column":5}},"186":{"start":{"line":187,"column":0},"end":{"line":187,"column":70}},"187":{"start":{"line":188,"column":0},"end":{"line":188,"column":95}},"188":{"start":{"line":189,"column":0},"end":{"line":189,"column":51}},"189":{"start":{"line":190,"column":0},"end":{"line":190,"column":3}},"190":{"start":{"line":191,"column":0},"end":{"line":191,"column":0}},"191":{"start":{"line":192,"column":0},"end":{"line":192,"column":5}},"192":{"start":{"line":193,"column":0},"end":{"line":193,"column":53}},"193":{"start":{"line":194,"column":0},"end":{"line":194,"column":77}},"194":{"start":{"line":195,"column":0},"end":{"line":195,"column":81}},"195":{"start":{"line":196,"column":0},"end":{"line":196,"column":4}},"196":{"start":{"line":197,"column":0},"end":{"line":197,"column":69}},"197":{"start":{"line":198,"column":0},"end":{"line":198,"column":76}},"198":{"start":{"line":199,"column":0},"end":{"line":199,"column":75}},"199":{"start":{"line":200,"column":0},"end":{"line":200,"column":35}},"200":{"start":{"line":201,"column":0},"end":{"line":201,"column":4}},"201":{"start":{"line":202,"column":0},"end":{"line":202,"column":89}},"202":{"start":{"line":203,"column":0},"end":{"line":203,"column":5}},"203":{"start":{"line":204,"column":0},"end":{"line":204,"column":96}},"204":{"start":{"line":205,"column":0},"end":{"line":205,"column":95}},"205":{"start":{"line":206,"column":0},"end":{"line":206,"column":0}},"206":{"start":{"line":207,"column":0},"end":{"line":207,"column":84}},"207":{"start":{"line":208,"column":0},"end":{"line":208,"column":100}},"208":{"start":{"line":209,"column":0},"end":{"line":209,"column":0}},"209":{"start":{"line":210,"column":0},"end":{"line":210,"column":45}},"210":{"start":{"line":211,"column":0},"end":{"line":211,"column":18}},"211":{"start":{"line":212,"column":0},"end":{"line":212,"column":5}},"212":{"start":{"line":213,"column":0},"end":{"line":213,"column":0}},"213":{"start":{"line":214,"column":0},"end":{"line":214,"column":24}},"214":{"start":{"line":215,"column":0},"end":{"line":215,"column":9}},"215":{"start":{"line":216,"column":0},"end":{"line":216,"column":38}},"216":{"start":{"line":217,"column":0},"end":{"line":217,"column":13}},"217":{"start":{"line":218,"column":0},"end":{"line":218,"column":18}},"218":{"start":{"line":219,"column":0},"end":{"line":219,"column":5}},"219":{"start":{"line":220,"column":0},"end":{"line":220,"column":0}},"220":{"start":{"line":221,"column":0},"end":{"line":221,"column":45}},"221":{"start":{"line":222,"column":0},"end":{"line":222,"column":11}},"222":{"start":{"line":223,"column":0},"end":{"line":223,"column":54}},"223":{"start":{"line":224,"column":0},"end":{"line":224,"column":67}},"224":{"start":{"line":225,"column":0},"end":{"line":225,"column":39}},"225":{"start":{"line":226,"column":0},"end":{"line":226,"column":71}},"226":{"start":{"line":227,"column":0},"end":{"line":227,"column":23}},"227":{"start":{"line":228,"column":0},"end":{"line":228,"column":11}},"228":{"start":{"line":229,"column":0},"end":{"line":229,"column":9}},"229":{"start":{"line":230,"column":0},"end":{"line":230,"column":15}},"230":{"start":{"line":231,"column":0},"end":{"line":231,"column":34}},"231":{"start":{"line":232,"column":0},"end":{"line":232,"column":7}},"232":{"start":{"line":233,"column":0},"end":{"line":233,"column":6}},"233":{"start":{"line":234,"column":0},"end":{"line":234,"column":0}},"234":{"start":{"line":235,"column":0},"end":{"line":235,"column":24}},"235":{"start":{"line":236,"column":0},"end":{"line":236,"column":17}},"236":{"start":{"line":237,"column":0},"end":{"line":237,"column":48}},"237":{"start":{"line":238,"column":0},"end":{"line":238,"column":6}},"238":{"start":{"line":239,"column":0},"end":{"line":239,"column":0}},"239":{"start":{"line":240,"column":0},"end":{"line":240,"column":39}},"240":{"start":{"line":241,"column":0},"end":{"line":241,"column":3}},"241":{"start":{"line":242,"column":0},"end":{"line":242,"column":1}}},"s":{"0":1,"1":1,"2":1,"3":1,"4":1,"5":1,"6":1,"7":1,"8":1,"9":1,"10":1,"11":1,"12":1,"13":1,"14":1,"15":1,"16":1,"17":1,"18":1,"19":1,"20":1,"21":1,"22":1,"23":1,"24":1,"25":1,"26":1,"27":1,"28":1,"29":1,"30":1,"31":1,"32":7,"33":7,"34":7,"35":7,"36":0,"37":0,"38":1,"39":1,"40":1,"41":1,"42":1,"43":1,"44":1,"45":1,"46":1,"47":1,"48":1,"49":1,"50":1,"51":1,"52":1,"53":1,"54":1,"55":1,"56":1,"57":1,"58":0,"59":0,"60":0,"61":0,"62":1,"63":1,"64":1,"65":1,"66":1,"67":1,"68":1,"69":1,"70":1,"71":1,"72":18,"73":18,"74":18,"75":18,"76":18,"77":18,"78":18,"79":18,"80":1,"81":1,"82":18,"83":5,"84":1,"85":1,"86":5,"87":1,"88":1,"89":5,"90":15,"91":15,"92":15,"93":15,"94":15,"95":18,"96":18,"97":18,"98":6,"99":6,"100":6,"101":6,"102":6,"103":6,"104":6,"105":6,"106":6,"107":6,"108":1,"109":1,"110":1,"111":6,"112":6,"113":6,"114":6,"115":6,"116":6,"117":6,"118":6,"119":6,"120":6,"121":6,"122":6,"123":6,"124":1,"125":1,"126":1,"127":1,"128":6,"129":6,"130":6,"131":5,"132":6,"133":0,"134":0,"135":5,"136":5,"137":5,"138":5,"139":6,"140":0,"141":0,"142":5,"143":6,"144":1,"145":1,"146":6,"147":0,"148":0,"149":4,"150":4,"151":6,"152":18,"153":18,"154":18,"155":18,"156":18,"157":18,"158":5,"159":5,"160":5,"161":5,"162":5,"163":5,"164":5,"165":5,"166":5,"167":5,"168":5,"169":1,"170":1,"171":3,"172":3,"173":3,"174":3,"175":3,"176":3,"177":3,"178":5,"179":5,"180":5,"181":18,"182":18,"183":18,"184":18,"185":18,"186":18,"187":4,"188":3,"189":4,"190":18,"191":18,"192":18,"193":18,"194":18,"195":18,"196":18,"197":18,"198":18,"199":18,"200":18,"201":18,"202":18,"203":18,"204":4,"205":3,"206":4,"207":4,"208":4,"209":4,"210":1,"211":1,"212":2,"213":2,"214":2,"215":2,"216":4,"217":0,"218":0,"219":2,"220":2,"221":0,"222":0,"223":0,"224":0,"225":0,"226":0,"227":0,"228":0,"229":0,"230":0,"231":0,"232":0,"233":2,"234":2,"235":0,"236":0,"237":0,"238":2,"239":2,"240":4,"241":18},"branchMap":{"0":{"type":"branch","line":33,"loc":{"start":{"line":33,"column":0},"end":{"line":38,"column":1}},"locations":[{"start":{"line":33,"column":0},"end":{"line":38,"column":1}}]},"1":{"type":"branch","line":36,"loc":{"start":{"line":36,"column":2},"end":{"line":38,"column":1}},"locations":[{"start":{"line":36,"column":2},"end":{"line":38,"column":1}}]},"2":{"type":"branch","line":40,"loc":{"start":{"line":40,"column":0},"end":{"line":70,"column":1}},"locations":[{"start":{"line":40,"column":0},"end":{"line":70,"column":1}}]},"3":{"type":"branch","line":58,"loc":{"start":{"line":58,"column":2},"end":{"line":62,"column":3}},"locations":[{"start":{"line":58,"column":2},"end":{"line":62,"column":3}}]},"4":{"type":"branch","line":56,"loc":{"start":{"line":56,"column":11},"end":{"line":56,"column":49}},"locations":[{"start":{"line":56,"column":11},"end":{"line":56,"column":49}}]},"5":{"type":"branch","line":72,"loc":{"start":{"line":72,"column":29},"end":{"line":242,"column":1}},"locations":[{"start":{"line":72,"column":29},"end":{"line":242,"column":1}}]},"6":{"type":"branch","line":79,"loc":{"start":{"line":79,"column":2},"end":{"line":96,"column":3}},"locations":[{"start":{"line":79,"column":2},"end":{"line":96,"column":3}}]},"7":{"type":"branch","line":80,"loc":{"start":{"line":80,"column":35},"end":{"line":82,"column":5}},"locations":[{"start":{"line":80,"column":35},"end":{"line":82,"column":5}}]},"8":{"type":"branch","line":82,"loc":{"start":{"line":82,"column":4},"end":{"line":83,"column":35}},"locations":[{"start":{"line":82,"column":4},"end":{"line":83,"column":35}}]},"9":{"type":"branch","line":83,"loc":{"start":{"line":83,"column":35},"end":{"line":90,"column":5}},"locations":[{"start":{"line":83,"column":35},"end":{"line":90,"column":5}}]},"10":{"type":"branch","line":84,"loc":{"start":{"line":84,"column":19},"end":{"line":84,"column":31}},"locations":[{"start":{"line":84,"column":19},"end":{"line":84,"column":31}}]},"11":{"type":"branch","line":84,"loc":{"start":{"line":84,"column":34},"end":{"line":86,"column":7}},"locations":[{"start":{"line":84,"column":34},"end":{"line":86,"column":7}}]},"12":{"type":"branch","line":86,"loc":{"start":{"line":86,"column":6},"end":{"line":87,"column":31}},"locations":[{"start":{"line":86,"column":6},"end":{"line":87,"column":31}}]},"13":{"type":"branch","line":87,"loc":{"start":{"line":87,"column":19},"end":{"line":87,"column":36}},"locations":[{"start":{"line":87,"column":19},"end":{"line":87,"column":36}}]},"14":{"type":"branch","line":87,"loc":{"start":{"line":87,"column":39},"end":{"line":89,"column":7}},"locations":[{"start":{"line":87,"column":39},"end":{"line":89,"column":7}}]},"15":{"type":"branch","line":90,"loc":{"start":{"line":90,"column":4},"end":{"line":95,"column":61}},"locations":[{"start":{"line":90,"column":4},"end":{"line":95,"column":61}}]},"16":{"type":"branch","line":98,"loc":{"start":{"line":98,"column":2},"end":{"line":152,"column":3}},"locations":[{"start":{"line":98,"column":2},"end":{"line":152,"column":3}}]},"17":{"type":"branch","line":108,"loc":{"start":{"line":108,"column":22},"end":{"line":108,"column":48}},"locations":[{"start":{"line":108,"column":22},"end":{"line":108,"column":48}}]},"18":{"type":"branch","line":108,"loc":{"start":{"line":108,"column":39},"end":{"line":108,"column":65}},"locations":[{"start":{"line":108,"column":39},"end":{"line":108,"column":65}}]},"19":{"type":"branch","line":108,"loc":{"start":{"line":108,"column":65},"end":{"line":111,"column":5}},"locations":[{"start":{"line":108,"column":65},"end":{"line":111,"column":5}}]},"20":{"type":"branch","line":123,"loc":{"start":{"line":123,"column":7},"end":{"line":124,"column":13}},"locations":[{"start":{"line":123,"column":7},"end":{"line":124,"column":13}}]},"21":{"type":"branch","line":124,"loc":{"start":{"line":124,"column":4},"end":{"line":129,"column":6}},"locations":[{"start":{"line":124,"column":4},"end":{"line":129,"column":6}}]},"22":{"type":"branch","line":125,"loc":{"start":{"line":125,"column":41},"end":{"line":125,"column":61}},"locations":[{"start":{"line":125,"column":41},"end":{"line":125,"column":61}}]},"23":{"type":"branch","line":127,"loc":{"start":{"line":127,"column":41},"end":{"line":127,"column":104}},"locations":[{"start":{"line":127,"column":41},"end":{"line":127,"column":104}}]},"24":{"type":"branch","line":129,"loc":{"start":{"line":129,"column":4},"end":{"line":129,"column":6}},"locations":[{"start":{"line":129,"column":4},"end":{"line":129,"column":6}}]},"25":{"type":"branch","line":131,"loc":{"start":{"line":131,"column":4},"end":{"line":133,"column":24}},"locations":[{"start":{"line":131,"column":4},"end":{"line":133,"column":24}}]},"26":{"type":"branch","line":133,"loc":{"start":{"line":133,"column":18},"end":{"line":133,"column":49}},"locations":[{"start":{"line":133,"column":18},"end":{"line":133,"column":49}}]},"27":{"type":"branch","line":133,"loc":{"start":{"line":133,"column":49},"end":{"line":135,"column":5}},"locations":[{"start":{"line":133,"column":49},"end":{"line":135,"column":5}}]},"28":{"type":"branch","line":135,"loc":{"start":{"line":135,"column":4},"end":{"line":140,"column":12}},"locations":[{"start":{"line":135,"column":4},"end":{"line":140,"column":12}}]},"29":{"type":"branch","line":140,"loc":{"start":{"line":140,"column":4},"end":{"line":142,"column":5}},"locations":[{"start":{"line":140,"column":4},"end":{"line":142,"column":5}}]},"30":{"type":"branch","line":142,"loc":{"start":{"line":142,"column":4},"end":{"line":144,"column":21}},"locations":[{"start":{"line":142,"column":4},"end":{"line":144,"column":21}}]},"31":{"type":"branch","line":144,"loc":{"start":{"line":144,"column":21},"end":{"line":146,"column":5}},"locations":[{"start":{"line":144,"column":21},"end":{"line":146,"column":5}}]},"32":{"type":"branch","line":145,"loc":{"start":{"line":145,"column":67},"end":{"line":145,"column":89}},"locations":[{"start":{"line":145,"column":67},"end":{"line":145,"column":89}}]},"33":{"type":"branch","line":146,"loc":{"start":{"line":146,"column":4},"end":{"line":147,"column":15}},"locations":[{"start":{"line":146,"column":4},"end":{"line":147,"column":15}}]},"34":{"type":"branch","line":147,"loc":{"start":{"line":147,"column":15},"end":{"line":149,"column":5}},"locations":[{"start":{"line":147,"column":15},"end":{"line":149,"column":5}}]},"35":{"type":"branch","line":149,"loc":{"start":{"line":149,"column":4},"end":{"line":151,"column":28}},"locations":[{"start":{"line":149,"column":4},"end":{"line":151,"column":28}}]},"36":{"type":"branch","line":158,"loc":{"start":{"line":158,"column":2},"end":{"line":181,"column":3}},"locations":[{"start":{"line":158,"column":2},"end":{"line":181,"column":3}}]},"37":{"type":"branch","line":166,"loc":{"start":{"line":166,"column":32},"end":{"line":166,"column":99}},"locations":[{"start":{"line":166,"column":32},"end":{"line":166,"column":99}}]},"38":{"type":"branch","line":166,"loc":{"start":{"line":166,"column":97},"end":{"line":167,"column":33}},"locations":[{"start":{"line":166,"column":97},"end":{"line":167,"column":33}}]},"39":{"type":"branch","line":167,"loc":{"start":{"line":167,"column":36},"end":{"line":167,"column":111}},"locations":[{"start":{"line":167,"column":36},"end":{"line":167,"column":111}}]},"40":{"type":"branch","line":167,"loc":{"start":{"line":167,"column":109},"end":{"line":168,"column":31}},"locations":[{"start":{"line":167,"column":109},"end":{"line":168,"column":31}}]},"41":{"type":"branch","line":168,"loc":{"start":{"line":168,"column":34},"end":{"line":168,"column":105}},"locations":[{"start":{"line":168,"column":34},"end":{"line":168,"column":105}}]},"42":{"type":"branch","line":168,"loc":{"start":{"line":168,"column":103},"end":{"line":169,"column":29}},"locations":[{"start":{"line":168,"column":103},"end":{"line":169,"column":29}}]},"43":{"type":"branch","line":169,"loc":{"start":{"line":169,"column":29},"end":{"line":169,"column":64}},"locations":[{"start":{"line":169,"column":29},"end":{"line":169,"column":64}}]},"44":{"type":"branch","line":169,"loc":{"start":{"line":169,"column":64},"end":{"line":171,"column":5}},"locations":[{"start":{"line":169,"column":64},"end":{"line":171,"column":5}}]},"45":{"type":"branch","line":171,"loc":{"start":{"line":171,"column":4},"end":{"line":178,"column":35}},"locations":[{"start":{"line":171,"column":4},"end":{"line":178,"column":35}}]},"46":{"type":"branch","line":179,"loc":{"start":{"line":179,"column":22},"end":{"line":179,"column":38}},"locations":[{"start":{"line":179,"column":22},"end":{"line":179,"column":38}}]},"47":{"type":"branch","line":187,"loc":{"start":{"line":187,"column":2},"end":{"line":190,"column":3}},"locations":[{"start":{"line":187,"column":2},"end":{"line":190,"column":3}}]},"48":{"type":"branch","line":188,"loc":{"start":{"line":188,"column":26},"end":{"line":188,"column":95}},"locations":[{"start":{"line":188,"column":26},"end":{"line":188,"column":95}}]},"49":{"type":"branch","line":188,"loc":{"start":{"line":188,"column":93},"end":{"line":189,"column":51}},"locations":[{"start":{"line":188,"column":93},"end":{"line":189,"column":51}}]},"50":{"type":"branch","line":204,"loc":{"start":{"line":204,"column":2},"end":{"line":241,"column":3}},"locations":[{"start":{"line":204,"column":2},"end":{"line":241,"column":3}}]},"51":{"type":"branch","line":205,"loc":{"start":{"line":205,"column":26},"end":{"line":205,"column":95}},"locations":[{"start":{"line":205,"column":26},"end":{"line":205,"column":95}}]},"52":{"type":"branch","line":205,"loc":{"start":{"line":205,"column":93},"end":{"line":207,"column":36}},"locations":[{"start":{"line":205,"column":93},"end":{"line":207,"column":36}}]},"53":{"type":"branch","line":207,"loc":{"start":{"line":207,"column":28},"end":{"line":207,"column":81}},"locations":[{"start":{"line":207,"column":28},"end":{"line":207,"column":81}}]},"54":{"type":"branch","line":207,"loc":{"start":{"line":207,"column":76},"end":{"line":207,"column":84}},"locations":[{"start":{"line":207,"column":76},"end":{"line":207,"column":84}}]},"55":{"type":"branch","line":210,"loc":{"start":{"line":210,"column":44},"end":{"line":212,"column":5}},"locations":[{"start":{"line":210,"column":44},"end":{"line":212,"column":5}}]},"56":{"type":"branch","line":212,"loc":{"start":{"line":212,"column":4},"end":{"line":217,"column":12}},"locations":[{"start":{"line":212,"column":4},"end":{"line":217,"column":12}}]},"57":{"type":"branch","line":217,"loc":{"start":{"line":217,"column":4},"end":{"line":219,"column":5}},"locations":[{"start":{"line":217,"column":4},"end":{"line":219,"column":5}}]},"58":{"type":"branch","line":219,"loc":{"start":{"line":219,"column":4},"end":{"line":240,"column":39}},"locations":[{"start":{"line":219,"column":4},"end":{"line":240,"column":39}}]},"59":{"type":"branch","line":240,"loc":{"start":{"line":240,"column":20},"end":{"line":240,"column":37}},"locations":[{"start":{"line":240,"column":20},"end":{"line":240,"column":37}}]}},"b":{"0":[7],"1":[0],"2":[1],"3":[0],"4":[32],"5":[18],"6":[18],"7":[1],"8":[17],"9":[5],"10":[4],"11":[1],"12":[4],"13":[3],"14":[1],"15":[15],"16":[6],"17":[1],"18":[1],"19":[1],"20":[5],"21":[1],"22":[0],"23":[0],"24":[5],"25":[5],"26":[0],"27":[0],"28":[5],"29":[0],"30":[5],"31":[1],"32":[0],"33":[4],"34":[0],"35":[4],"36":[5],"37":[1],"38":[4],"39":[0],"40":[4],"41":[0],"42":[4],"43":[4],"44":[1],"45":[3],"46":[3],"47":[4],"48":[1],"49":[3],"50":[4],"51":[1],"52":[3],"53":[1],"54":[2],"55":[1],"56":[2],"57":[0],"58":[2],"59":[2]},"fnMap":{"0":{"name":"buildRequestId","decl":{"start":{"line":33,"column":0},"end":{"line":38,"column":1}},"loc":{"start":{"line":33,"column":0},"end":{"line":38,"column":1}},"line":33},"1":{"name":"buildSignedHeaders","decl":{"start":{"line":40,"column":0},"end":{"line":70,"column":1}},"loc":{"start":{"line":40,"column":0},"end":{"line":70,"column":1}},"line":40},"2":{"name":"<instance_members_initializer>","decl":{"start":{"line":72,"column":29},"end":{"line":242,"column":1}},"loc":{"start":{"line":72,"column":29},"end":{"line":242,"column":1}},"line":72},"3":{"name":"FiberLinkClient","decl":{"start":{"line":79,"column":2},"end":{"line":96,"column":3}},"loc":{"start":{"line":79,"column":2},"end":{"line":96,"column":3}},"line":79},"4":{"name":"rpcCall","decl":{"start":{"line":98,"column":2},"end":{"line":152,"column":3}},"loc":{"start":{"line":98,"column":2},"end":{"line":152,"column":3}},"line":98},"5":{"name":"createTip","decl":{"start":{"line":158,"column":2},"end":{"line":181,"column":3}},"loc":{"start":{"line":158,"column":2},"end":{"line":181,"column":3}},"line":158},"6":{"name":"getTipStatus","decl":{"start":{"line":187,"column":2},"end":{"line":190,"column":3}},"loc":{"start":{"line":187,"column":2},"end":{"line":190,"column":3}},"line":187},"7":{"name":"streamTipStatus","decl":{"start":{"line":204,"column":2},"end":{"line":241,"column":3}},"loc":{"start":{"line":204,"column":2},"end":{"line":241,"column":3}},"line":204},"8":{"name":"es.onmessage","decl":{"start":{"line":221,"column":19},"end":{"line":233,"column":6}},"loc":{"start":{"line":221,"column":19},"end":{"line":233,"column":6}},"line":221},"9":{"name":"es.onerror","decl":{"start":{"line":235,"column":17},"end":{"line":238,"column":6}},"loc":{"start":{"line":235,"column":17},"end":{"line":238,"column":6}},"line":235},"10":{"name":"close","decl":{"start":{"line":240,"column":20},"end":{"line":240,"column":37}},"loc":{"start":{"line":240,"column":20},"end":{"line":240,"column":37}},"line":240}},"f":{"0":7,"1":1,"2":18,"3":18,"4":6,"5":5,"6":4,"7":4,"8":0,"9":0,"10":2}}
,"/home/user/fiber-link/fiber-link-service/packages/client/src/errors.ts": {"path":"/home/user/fiber-link/fiber-link-service/packages/client/src/errors.ts","all":false,"statementMap":{"0":{"start":{"line":1,"column":0},"end":{"line":1,"column":53}},"1":{"start":{"line":2,"column":0},"end":{"line":2,"column":14}},"2":{"start":{"line":3,"column":0},"end":{"line":3,"column":34}},"3":{"start":{"line":4,"column":0},"end":{"line":4,"column":20}},"4":{"start":{"line":5,"column":0},"end":{"line":5,"column":5}},"5":{"start":{"line":6,"column":0},"end":{"line":6,"column":19}},"6":{"start":{"line":7,"column":0},"end":{"line":7,"column":43}},"7":{"start":{"line":8,"column":0},"end":{"line":8,"column":3}},"8":{"start":{"line":9,"column":0},"end":{"line":9,"column":1}},"9":{"start":{"line":10,"column":0},"end":{"line":10,"column":0}},"10":{"start":{"line":11,"column":0},"end":{"line":11,"column":51}},"11":{"start":{"line":12,"column":0},"end":{"line":12,"column":14}},"12":{"start":{"line":13,"column":0},"end":{"line":13,"column":45}},"13":{"start":{"line":14,"column":0},"end":{"line":14,"column":20}},"14":{"start":{"line":15,"column":0},"end":{"line":15,"column":5}},"15":{"start":{"line":16,"column":0},"end":{"line":16,"column":19}},"16":{"start":{"line":17,"column":0},"end":{"line":17,"column":41}},"17":{"start":{"line":18,"column":0},"end":{"line":18,"column":3}},"18":{"start":{"line":19,"column":0},"end":{"line":19,"column":1}},"19":{"start":{"line":20,"column":0},"end":{"line":20,"column":0}},"20":{"start":{"line":21,"column":0},"end":{"line":21,"column":50}},"21":{"start":{"line":22,"column":0},"end":{"line":22,"column":32}},"22":{"start":{"line":23,"column":0},"end":{"line":23,"column":19}},"23":{"start":{"line":24,"column":0},"end":{"line":24,"column":40}},"24":{"start":{"line":25,"column":0},"end":{"line":25,"column":3}},"25":{"start":{"line":26,"column":0},"end":{"line":26,"column":1}}},"s":{"0":1,"1":1,"2":7,"3":7,"4":7,"5":7,"6":7,"7":7,"8":1,"9":1,"10":1,"11":1,"12":1,"13":1,"14":1,"15":1,"16":1,"17":1,"18":1,"19":1,"20":1,"21":1,"22":1,"23":1,"24":1,"25":1},"branchMap":{"0":{"type":"branch","line":2,"loc":{"start":{"line":2,"column":2},"end":{"line":8,"column":3}},"locations":[{"start":{"line":2,"column":2},"end":{"line":8,"column":3}}]},"1":{"type":"branch","line":12,"loc":{"start":{"line":12,"column":2},"end":{"line":18,"column":3}},"locations":[{"start":{"line":12,"column":2},"end":{"line":18,"column":3}}]},"2":{"type":"branch","line":22,"loc":{"start":{"line":22,"column":2},"end":{"line":25,"column":3}},"locations":[{"start":{"line":22,"column":2},"end":{"line":25,"column":3}}]}},"b":{"0":[7],"1":[1],"2":[1]},"fnMap":{"0":{"name":"FiberLinkValidationError","decl":{"start":{"line":2,"column":2},"end":{"line":8,"column":3}},"loc":{"start":{"line":2,"column":2},"end":{"line":8,"column":3}},"line":2},"1":{"name":"FiberLinkResponseError","decl":{"start":{"line":12,"column":2},"end":{"line":18,"column":3}},"loc":{"start":{"line":12,"column":2},"end":{"line":18,"column":3}},"line":12},"2":{"name":"FiberLinkNetworkError","decl":{"start":{"line":22,"column":2},"end":{"line":25,"column":3}},"loc":{"start":{"line":22,"column":2},"end":{"line":25,"column":3}},"line":22}},"f":{"0":7,"1":1,"2":1}}
,"/home/user/fiber-link/fiber-link-service/packages/client/src/index.ts": {"path":"/home/user/fiber-link/fiber-link-service/packages/client/src/index.ts","all":true,"statementMap":{"0":{"start":{"line":1,"column":0},"end":{"line":1,"column":43}},"1":{"start":{"line":2,"column":0},"end":{"line":2,"column":13}},"2":{"start":{"line":3,"column":0},"end":{"line":3,"column":25}},"3":{"start":{"line":4,"column":0},"end":{"line":4,"column":22}},"4":{"start":{"line":5,"column":0},"end":{"line":5,"column":12}},"5":{"start":{"line":6,"column":0},"end":{"line":6,"column":15}},"6":{"start":{"line":7,"column":0},"end":{"line":7,"column":15}},"7":{"start":{"line":8,"column":0},"end":{"line":8,"column":14}},"8":{"start":{"line":9,"column":0},"end":{"line":9,"column":18}},"9":{"start":{"line":10,"column":0},"end":{"line":10,"column":99}}},"s":{"0":0,"1":0,"2":0,"3":0,"4":0,"5":0,"6":0,"7":0,"8":0,"9":0},"branchMap":{"0":{"type":"branch","line":1,"loc":{"start":{"line":1,"column":285},"end":{"line":10,"column":99}},"locations":[{"start":{"line":1,"column":285},"end":{"line":10,"column":99}}]}},"b":{"0":[0]},"fnMap":{"0":{"name":"(empty-report)","decl":{"start":{"line":1,"column":285},"end":{"line":10,"column":99}},"loc":{"start":{"line":1,"column":285},"end":{"line":10,"column":99}},"line":1}},"f":{"0":0}}
}
